<?xml version="1.0" encoding="UTF-8"?>
<!-- Generated by org.testng.reporters.JUnitReportReporter -->
<testsuite hostname="LAPTOP-PPRTR9T7" failures="0" tests="4" name="com.testNg_runnerclass.RunnerClass_TestNGDemo" time="13.611" errors="0" timestamp="2023-12-29T23:04:34 IST" skipped="0">
  <testcase classname="com.testNg_runnerclass.RunnerClass_TestNGDemo" name="user_Data" time="3.649"/>
  <testcase classname="com.testNg_runnerclass.RunnerClass_TestNGDemo" name="newsLetterChkBox" time="3.224"/>
  <testcase classname="com.testNg_runnerclass.RunnerClass_TestNGDemo" name="privacyPolicyRadButton" time="3.233"/>
  <testcase classname="com.testNg_runnerclass.RunnerClass_TestNGDemo" name="agreeContButton" time="3.505"/>
</testsuite> <!-- com.testNg_runnerclass.RunnerClass_TestNGDemo -->
