<?xml version="1.0" encoding="UTF-8"?>
<!-- Generated by org.testng.reporters.JUnitReportReporter -->
<testsuite hostname="LAPTOP-PPRTR9T7" failures="0" tests="1" name="com.testNg_runnerclass.RunnerClass_TestNGDemo" time="4.050" errors="0" timestamp="2023-12-22T14:21:18 IST" skipped="0">
  <testcase classname="com.testNg_runnerclass.RunnerClass_TestNGDemo" name="browserLaunch" time="4.050"/>
</testsuite> <!-- com.testNg_runnerclass.RunnerClass_TestNGDemo -->
